2022-10-17 20:36:53,732 [Worker-3: Loading available Gradle versions] INFO  o.e.b.c.i.u.g.PublishedGradleVersions - Gradle version information cache is out-of-date. Trying to update.
2022-10-17 20:49:46,781 [Worker-12: https://download.eclipse.org/releases/latest/content.jar] INFO  o.a.h.c.h.i.c.HttpRequestRetryExec - Recoverable I/O exception (java.net.SocketException) caught when processing request to {s}->https://download.eclipse.org:443
2022-10-17 21:39:27,278 [Worker-1: Loading available Gradle versions] INFO  o.e.b.c.i.u.g.PublishedGradleVersions - Gradle version information cache is up-to-date. Trying to read.
2022-10-18 09:43:25,700 [Worker-5: Loading available Gradle versions] INFO  o.e.b.c.i.u.g.PublishedGradleVersions - Gradle version information cache is up-to-date. Trying to read.
2022-10-18 09:46:59,231 [Worker-8: Creating project "SpringCore"] INFO  o.e.m.c.i.l.LifecycleMappingFactory - Using org.eclipse.m2e.jdt.JarLifecycleMapping lifecycle mapping for MavenProject: com.perfios:SpringCore:0.0.1-SNAPSHOT @ /home/pramod/Documents/SpecialTraining/SpringCore/pom.xml.
2022-10-18 09:46:59,600 [Worker-8: Creating project "SpringCore"] INFO  o.e.m.j.i.AbstractJavaProjectConfigurator - Adding source folder /SpringCore/src/main/java
2022-10-18 09:46:59,601 [Worker-8: Creating project "SpringCore"] INFO  o.e.m.j.i.AbstractJavaProjectConfigurator - Adding resource folder /SpringCore/src/main/resources
2022-10-18 09:46:59,602 [Worker-8: Creating project "SpringCore"] INFO  o.e.m.j.i.AbstractJavaProjectConfigurator - Adding source folder /SpringCore/src/test/java
2022-10-18 09:46:59,602 [Worker-8: Creating project "SpringCore"] INFO  o.e.m.j.i.AbstractJavaProjectConfigurator - Adding resource folder /SpringCore/src/test/resources
2022-10-18 09:47:00,689 [Worker-6: Building] WARN  o.e.m.c.i.embedder.EclipseLogger - Using platform encoding (UTF-8 actually) to copy filtered resources, i.e. build is platform dependent!
2022-10-18 09:47:00,692 [Worker-6: Building] INFO  o.e.m.c.i.embedder.EclipseLogger - Copying 0 resource
2022-10-18 09:47:00,695 [Worker-6: Building] WARN  o.e.m.c.i.embedder.EclipseLogger - Using platform encoding (UTF-8 actually) to copy filtered resources, i.e. build is platform dependent!
2022-10-18 09:47:00,695 [Worker-6: Building] INFO  o.e.m.c.i.embedder.EclipseLogger - Copying 0 resource
2022-10-18 09:53:13,557 [Worker-31: https://eclipse.c3sl.ufpr.br/releases/2022-06/202206151000/plugins/java_cup-runtime_0.11.20150326.v20180425-1030.jar] INFO  o.a.h.c.h.i.c.HttpRequestRetryExec - Recoverable I/O exception (java.net.SocketException) caught when processing request to {s}->https://eclipse.c3sl.ufpr.br:443
2022-10-18 09:53:24,764 [Worker-3: Loading available Gradle versions] INFO  o.e.b.c.i.u.g.PublishedGradleVersions - Gradle version information cache is up-to-date. Trying to read.
2022-10-18 09:55:53,339 [Worker-3: Loading available Gradle versions] INFO  o.e.b.c.i.u.g.PublishedGradleVersions - Gradle version information cache is up-to-date. Trying to read.
2022-10-18 09:58:59,753 [Worker-28: https://ftp.jaist.ac.jp/pub/eclipse/releases/2022-06/202206151000/features/org.eclipse.wst.web_core.feature_3.26.0.v202204042240.jar] INFO  o.a.h.c.h.i.c.HttpRequestRetryExec - Recoverable I/O exception (org.apache.hc.core5.http.NoHttpResponseException) caught when processing request to {s}->https://ftp.jaist.ac.jp:443
2022-10-18 10:01:02,457 [Worker-29: https://ftp.jaist.ac.jp/pub/eclipse/releases/2022-06/202206151000/plugins/org.eclipse.wst.xml.xpath2.processor_2.1.200.v202204040421.jar] INFO  o.a.h.c.h.i.c.HttpRequestRetryExec - Recoverable I/O exception (java.net.SocketException) caught when processing request to {s}->https://ftp.jaist.ac.jp:443
2022-10-18 10:01:02,542 [Worker-24: https://ftp.jaist.ac.jp/pub/eclipse/releases/2022-06/202206151000/plugins/org.eclipse.wst.xml.xpath2.processor.doc.user_2.1.0.v201901071922.jar] INFO  o.a.h.c.h.i.c.HttpRequestRetryExec - Recoverable I/O exception (java.net.SocketException) caught when processing request to {s}->https://ftp.jaist.ac.jp:443
2022-11-28 22:40:27,075 [Worker-7: Loading available Gradle versions] INFO  o.e.b.c.i.u.g.PublishedGradleVersions - Gradle version information cache is out-of-date. Trying to update.
2022-11-28 22:40:37,217 [Worker-7: Loading available Gradle versions] INFO  o.e.b.c.i.u.g.PublishedGradleVersions - Updating Gradle version information cache failed. Using outdated cache.
